<?xml version="1.0" encoding="UTF-8"?>
<!-- Generated by org.testng.reporters.JUnitReportReporter -->
<testsuite hostname="MacBook-Pro" failures="0" tests="1" name="Commscope" time="17.142" errors="0" timestamp="2021-04-06T21:45:12 CDT" skipped="0">
  <testcase classname="Commscope" name="performSearch" time="17.142"/>
  <system-out/>
</testsuite> <!-- Commscope -->
